<?xml version="1.0" encoding="UTF-8"?>
<!-- Generated by org.testng.reporters.JUnitXMLReporter -->
<testsuite hostname="ind496" ignored="0" name="Home Page" tests="3" failures="0" timestamp="10 Nov 2017 13:19:51 GMT" time="8.654" errors="0">
  <testcase name="basePageNavigation" time="0.563" classname="Selenium.HomePage"/>
  <testcase name="loginPage" time="4.377" classname="Selenium.HomePage"/>
  <testcase name="loginPage" time="3.678" classname="Selenium.HomePage"/>
</testsuite> <!-- Home Page -->
