<?xml version="1.0" encoding="UTF-8"?>
<!-- Generated by org.testng.reporters.JUnitXMLReporter -->
<testsuite hostname="ind496" ignored="0" name="Test" tests="4" failures="0" timestamp="09 Nov 2017 11:24:43 GMT" time="34.895" errors="0">
  <testcase name="basePageNavigation" time="0.432" classname="Selenium.HomePage"/>
  <testcase name="loginPage" time="2.818" classname="Selenium.HomePage"/>
  <testcase name="loginPage" time="3.096" classname="Selenium.HomePage"/>
  <testcase name="validateElementTest" time="0.227" classname="Selenium.ValidateTest"/>
</testsuite> <!-- Test -->
