<?xml version="1.0" encoding="UTF-8"?>
<testsuite xmlns:xsi="http://www.w3.org/2001/XMLSchema-instance" xsi:noNamespaceSchemaLocation="https://maven.apache.org/surefire/maven-surefire-plugin/xsd/surefire-test-report.xsd" name="TestSuite" time="49.878" tests="7" errors="0" skipped="6" failures="1">
  <properties>
[...]
</properties>
  <testcase name="initialize" classname="Selenium.ValidateTest" time="49.044">
    <failure message="Failed to connect to binary FirefoxBinary(C:\Program Files\Mozilla Firefox\firefox.exe) on port 7055; process output follows: &#10;2488775	addons.xpi	DEBUG	Calling bootstrap method startup on e10srollout@mozilla.org version 1.0&#10;1515132488775	addons.xpi	DEBUG	Registering manifest for C:\Program Files\Mozilla Firefox\browser\features\firefox@getpocket.com.xpi&#10;1515132488776	addons.xpi	DEBUG	Calling bootstrap method startup on firefox@getpocket.com version 1.0.2&#10;1515132488777	addons.xpi	DEBUG	Registering manifest for C:\Program Files\Mozilla Firefox\browser\features\loop@mozilla.org.xpi&#10;1515132488777	addons.xpi	DEBUG	Calling bootstrap method startup on loop@mozilla.org version 1.3.2&#10;1515132488802	addons.xpi	DEBUG	Registering manifest for C:\Program Files\Mozilla Firefox\browser\features\websensehelper@mozilla.org.xpi&#10;1515132488802	addons.xpi	DEBUG	Calling bootstrap method startup on websensehelper@mozilla.org version 1.0&#10;1515132488806	addons.manager	DEBUG	Registering shutdown blocker for XPIProvider&#10;1515132488806	addons.manager	DEBUG	Provider finished startup: XPIProvider&#10;1515132488806	addons.manager	DEBUG	Starting provider: LightweightThemeManager&#10;1515132488806	addons.manager	DEBUG	Registering shutdown blocker for LightweightThemeManager&#10;1515132488807	addons.manager	DEBUG	Provider finished startup: LightweightThemeManager&#10;1515132488807	addons.manager	DEBUG	Starting provider: GMPProvider&#10;1515132488814	addons.manager	DEBUG	Registering shutdown blocker for GMPProvider&#10;1515132488815	addons.manager	DEBUG	Provider finished startup: GMPProvider&#10;1515132488815	addons.manager	DEBUG	Starting provider: PluginProvider&#10;1515132488815	addons.manager	DEBUG	Registering shutdown blocker for PluginProvider&#10;1515132488818	addons.manager	DEBUG	Provider finished startup: PluginProvider&#10;1515132488819	addons.manager	DEBUG	Completed startup sequence&#10;1515132490858	addons.manager	DEBUG	Starting provider: &lt;unnamed-provider&gt;&#10;1515132490858	addons.manager	DEBUG	Registering shutdown blocker for &lt;unnamed-provider&gt;&#10;1515132490858	addons.manager	DEBUG	Provider finished startup: &lt;unnamed-provider&gt;&#10;1515132491218	DeferredSave.extensions.json	DEBUG	Write succeeded&#10;1515132491218	addons.xpi-utils	DEBUG	XPI Database saved, setting schema version preference to 17&#10;1515132491218	DeferredSave.extensions.json	DEBUG	Starting timer&#10;1515132491240	DeferredSave.extensions.json	DEBUG	Starting write&#10;1515132491242	addons.repository	DEBUG	No addons.json found.&#10;1515132491243	DeferredSave.addons.json	DEBUG	Save changes&#10;1515132491246	DeferredSave.addons.json	DEBUG	Starting timer&#10;1515132491275	addons.manager	DEBUG	Starting provider: PreviousExperimentProvider&#10;1515132491275	addons.manager	DEBUG	Registering shutdown blocker for PreviousExperimentProvider&#10;1515132491275	addons.manager	DEBUG	Provider finished startup: PreviousExperimentProvider&#10;1515132491337	DeferredSave.extensions.json	DEBUG	Write succeeded&#10;1515132491338	DeferredSave.addons.json	DEBUG	Starting write&#10;1515132491361	DeferredSave.addons.json	DEBUG	Write succeeded&#10;1515132512336	addons.xpi	DEBUG	Calling bootstrap method shutdown on e10srollout@mozilla.org version 1.0&#10;1515132512337	addons.xpi	DEBUG	Calling bootstrap method shutdown on firefox@getpocket.com version 1.0.2&#10;1515132512337	addons.xpi	DEBUG	Calling bootstrap method shutdown on loop@mozilla.org version 1.3.2&#10;1515132512340	addons.xpi	DEBUG	Calling bootstrap method shutdown on websensehelper@mozilla.org version 1.0&#10;1515132512549	addons.manager	DEBUG	shutdown&#10;1515132512549	addons.manager	DEBUG	Calling shutdown blocker for XPIProvider&#10;1515132512549	addons.xpi	DEBUG	shutdown&#10;1515132512549	addons.xpi-utils	DEBUG	shutdown&#10;1515132512550	addons.manager	DEBUG	Calling shutdown blocker for LightweightThemeManager&#10;1515132512551	addons.manager	DEBUG	Calling shutdown blocker for GMPProvider&#10;1515132512553	addons.manager	DEBUG	Calling shutdown blocker for PluginProvider&#10;1515132512554	addons.manager	DEBUG	Calling shutdown blocker for &lt;unnamed-provider&gt;&#10;1515132512556	addons.manager	DEBUG	Calling shutdown blocker for PreviousExperimentProvider&#10;1515132512560	addons.xpi	DEBUG	Notifying XPI shutdown observers&#10;1515132512564	addons.manager	DEBUG	Async provider shutdown done&#10;&#10;Build info: version: &apos;2.53.0&apos;, revision: &apos;35ae25b1534ae328c771e0856c93e187490ca824&apos;, time: &apos;2016-03-15 10:43:46&apos;&#10;System info: host: &apos;ind496&apos;, ip: &apos;192.168.56.1&apos;, os.name: &apos;Windows Vista&apos;, os.arch: &apos;x86&apos;, os.version: &apos;6.0&apos;, java.version: &apos;1.8.0_102&apos;&#10;Driver info: driver.version: FirefoxDriver" type="org.openqa.selenium.WebDriverException"><![CDATA[org.openqa.selenium.WebDriverException: 
Failed to connect to binary FirefoxBinary(C:\Program Files\Mozilla Firefox\firefox.exe) on port 7055; process output follows: 
2488775	addons.xpi	DEBUG	Calling bootstrap method startup on e10srollout@mozilla.org version 1.0
1515132488775	addons.xpi	DEBUG	Registering manifest for C:\Program Files\Mozilla Firefox\browser\features\firefox@getpocket.com.xpi
1515132488776	addons.xpi	DEBUG	Calling bootstrap method startup on firefox@getpocket.com version 1.0.2
1515132488777	addons.xpi	DEBUG	Registering manifest for C:\Program Files\Mozilla Firefox\browser\features\loop@mozilla.org.xpi
1515132488777	addons.xpi	DEBUG	Calling bootstrap method startup on loop@mozilla.org version 1.3.2
1515132488802	addons.xpi	DEBUG	Registering manifest for C:\Program Files\Mozilla Firefox\browser\features\websensehelper@mozilla.org.xpi
1515132488802	addons.xpi	DEBUG	Calling bootstrap method startup on websensehelper@mozilla.org version 1.0
1515132488806	addons.manager	DEBUG	Registering shutdown blocker for XPIProvider
1515132488806	addons.manager	DEBUG	Provider finished startup: XPIProvider
1515132488806	addons.manager	DEBUG	Starting provider: LightweightThemeManager
1515132488806	addons.manager	DEBUG	Registering shutdown blocker for LightweightThemeManager
1515132488807	addons.manager	DEBUG	Provider finished startup: LightweightThemeManager
1515132488807	addons.manager	DEBUG	Starting provider: GMPProvider
1515132488814	addons.manager	DEBUG	Registering shutdown blocker for GMPProvider
1515132488815	addons.manager	DEBUG	Provider finished startup: GMPProvider
1515132488815	addons.manager	DEBUG	Starting provider: PluginProvider
1515132488815	addons.manager	DEBUG	Registering shutdown blocker for PluginProvider
1515132488818	addons.manager	DEBUG	Provider finished startup: PluginProvider
1515132488819	addons.manager	DEBUG	Completed startup sequence
1515132490858	addons.manager	DEBUG	Starting provider: <unnamed-provider>
1515132490858	addons.manager	DEBUG	Registering shutdown blocker for <unnamed-provider>
1515132490858	addons.manager	DEBUG	Provider finished startup: <unnamed-provider>
1515132491218	DeferredSave.extensions.json	DEBUG	Write succeeded
1515132491218	addons.xpi-utils	DEBUG	XPI Database saved, setting schema version preference to 17
1515132491218	DeferredSave.extensions.json	DEBUG	Starting timer
1515132491240	DeferredSave.extensions.json	DEBUG	Starting write
1515132491242	addons.repository	DEBUG	No addons.json found.
1515132491243	DeferredSave.addons.json	DEBUG	Save changes
1515132491246	DeferredSave.addons.json	DEBUG	Starting timer
1515132491275	addons.manager	DEBUG	Starting provider: PreviousExperimentProvider
1515132491275	addons.manager	DEBUG	Registering shutdown blocker for PreviousExperimentProvider
1515132491275	addons.manager	DEBUG	Provider finished startup: PreviousExperimentProvider
1515132491337	DeferredSave.extensions.json	DEBUG	Write succeeded
1515132491338	DeferredSave.addons.json	DEBUG	Starting write
1515132491361	DeferredSave.addons.json	DEBUG	Write succeeded
1515132512336	addons.xpi	DEBUG	Calling bootstrap method shutdown on e10srollout@mozilla.org version 1.0
1515132512337	addons.xpi	DEBUG	Calling bootstrap method shutdown on firefox@getpocket.com version 1.0.2
1515132512337	addons.xpi	DEBUG	Calling bootstrap method shutdown on loop@mozilla.org version 1.3.2
1515132512340	addons.xpi	DEBUG	Calling bootstrap method shutdown on websensehelper@mozilla.org version 1.0
1515132512549	addons.manager	DEBUG	shutdown
1515132512549	addons.manager	DEBUG	Calling shutdown blocker for XPIProvider
1515132512549	addons.xpi	DEBUG	shutdown
1515132512549	addons.xpi-utils	DEBUG	shutdown
1515132512550	addons.manager	DEBUG	Calling shutdown blocker for LightweightThemeManager
1515132512551	addons.manager	DEBUG	Calling shutdown blocker for GMPProvider
1515132512553	addons.manager	DEBUG	Calling shutdown blocker for PluginProvider
1515132512554	addons.manager	DEBUG	Calling shutdown blocker for <unnamed-provider>
1515132512556	addons.manager	DEBUG	Calling shutdown blocker for PreviousExperimentProvider
1515132512560	addons.xpi	DEBUG	Notifying XPI shutdown observers
1515132512564	addons.manager	DEBUG	Async provider shutdown done

Build info: version: '2.53.0', revision: '35ae25b1534ae328c771e0856c93e187490ca824', time: '2016-03-15 10:43:46'
System info: host: 'ind496', ip: '192.168.56.1', os.name: 'Windows Vista', os.arch: 'x86', os.version: '6.0', java.version: '1.8.0_102'
Driver info: driver.version: FirefoxDriver
Caused by: org.openqa.selenium.firefox.NotConnectedException: 
Unable to connect to host 127.0.0.1 on port 7055 after 45000 ms. Firefox console output:
2488775	addons.xpi	DEBUG	Calling bootstrap method startup on e10srollout@mozilla.org version 1.0
1515132488775	addons.xpi	DEBUG	Registering manifest for C:\Program Files\Mozilla Firefox\browser\features\firefox@getpocket.com.xpi
1515132488776	addons.xpi	DEBUG	Calling bootstrap method startup on firefox@getpocket.com version 1.0.2
1515132488777	addons.xpi	DEBUG	Registering manifest for C:\Program Files\Mozilla Firefox\browser\features\loop@mozilla.org.xpi
1515132488777	addons.xpi	DEBUG	Calling bootstrap method startup on loop@mozilla.org version 1.3.2
1515132488802	addons.xpi	DEBUG	Registering manifest for C:\Program Files\Mozilla Firefox\browser\features\websensehelper@mozilla.org.xpi
1515132488802	addons.xpi	DEBUG	Calling bootstrap method startup on websensehelper@mozilla.org version 1.0
1515132488806	addons.manager	DEBUG	Registering shutdown blocker for XPIProvider
1515132488806	addons.manager	DEBUG	Provider finished startup: XPIProvider
1515132488806	addons.manager	DEBUG	Starting provider: LightweightThemeManager
1515132488806	addons.manager	DEBUG	Registering shutdown blocker for LightweightThemeManager
1515132488807	addons.manager	DEBUG	Provider finished startup: LightweightThemeManager
1515132488807	addons.manager	DEBUG	Starting provider: GMPProvider
1515132488814	addons.manager	DEBUG	Registering shutdown blocker for GMPProvider
1515132488815	addons.manager	DEBUG	Provider finished startup: GMPProvider
1515132488815	addons.manager	DEBUG	Starting provider: PluginProvider
1515132488815	addons.manager	DEBUG	Registering shutdown blocker for PluginProvider
1515132488818	addons.manager	DEBUG	Provider finished startup: PluginProvider
1515132488819	addons.manager	DEBUG	Completed startup sequence
1515132490858	addons.manager	DEBUG	Starting provider: <unnamed-provider>
1515132490858	addons.manager	DEBUG	Registering shutdown blocker for <unnamed-provider>
1515132490858	addons.manager	DEBUG	Provider finished startup: <unnamed-provider>
1515132491218	DeferredSave.extensions.json	DEBUG	Write succeeded
1515132491218	addons.xpi-utils	DEBUG	XPI Database saved, setting schema version preference to 17
1515132491218	DeferredSave.extensions.json	DEBUG	Starting timer
1515132491240	DeferredSave.extensions.json	DEBUG	Starting write
1515132491242	addons.repository	DEBUG	No addons.json found.
1515132491243	DeferredSave.addons.json	DEBUG	Save changes
1515132491246	DeferredSave.addons.json	DEBUG	Starting timer
1515132491275	addons.manager	DEBUG	Starting provider: PreviousExperimentProvider
1515132491275	addons.manager	DEBUG	Registering shutdown blocker for PreviousExperimentProvider
1515132491275	addons.manager	DEBUG	Provider finished startup: PreviousExperimentProvider
1515132491337	DeferredSave.extensions.json	DEBUG	Write succeeded
1515132491338	DeferredSave.addons.json	DEBUG	Starting write
1515132491361	DeferredSave.addons.json	DEBUG	Write succeeded
1515132512336	addons.xpi	DEBUG	Calling bootstrap method shutdown on e10srollout@mozilla.org version 1.0
1515132512337	addons.xpi	DEBUG	Calling bootstrap method shutdown on firefox@getpocket.com version 1.0.2
1515132512337	addons.xpi	DEBUG	Calling bootstrap method shutdown on loop@mozilla.org version 1.3.2
1515132512340	addons.xpi	DEBUG	Calling bootstrap method shutdown on websensehelper@mozilla.org version 1.0
1515132512549	addons.manager	DEBUG	shutdown
1515132512549	addons.manager	DEBUG	Calling shutdown blocker for XPIProvider
1515132512549	addons.xpi	DEBUG	shutdown
1515132512549	addons.xpi-utils	DEBUG	shutdown
1515132512550	addons.manager	DEBUG	Calling shutdown blocker for LightweightThemeManager
1515132512551	addons.manager	DEBUG	Calling shutdown blocker for GMPProvider
1515132512553	addons.manager	DEBUG	Calling shutdown blocker for PluginProvider
1515132512554	addons.manager	DEBUG	Calling shutdown blocker for <unnamed-provider>
1515132512556	addons.manager	DEBUG	Calling shutdown blocker for PreviousExperimentProvider
1515132512560	addons.xpi	DEBUG	Notifying XPI shutdown observers
1515132512564	addons.manager	DEBUG	Async provider shutdown done

]]></failure>
    <system-out><![CDATA[Firefox
]]></system-out>
    <system-err><![CDATA[org.openqa.selenium.firefox.NotConnectedException: Unable to connect to host 127.0.0.1 on port 7055 after 45000 ms. Firefox console output:
2488775	addons.xpi	DEBUG	Calling bootstrap method startup on e10srollout@mozilla.org version 1.0
1515132488775	addons.xpi	DEBUG	Registering manifest for C:\Program Files\Mozilla Firefox\browser\features\firefox@getpocket.com.xpi
1515132488776	addons.xpi	DEBUG	Calling bootstrap method startup on firefox@getpocket.com version 1.0.2
1515132488777	addons.xpi	DEBUG	Registering manifest for C:\Program Files\Mozilla Firefox\browser\features\loop@mozilla.org.xpi
1515132488777	addons.xpi	DEBUG	Calling bootstrap method startup on loop@mozilla.org version 1.3.2
1515132488802	addons.xpi	DEBUG	Registering manifest for C:\Program Files\Mozilla Firefox\browser\features\websensehelper@mozilla.org.xpi
1515132488802	addons.xpi	DEBUG	Calling bootstrap method startup on websensehelper@mozilla.org version 1.0
1515132488806	addons.manager	DEBUG	Registering shutdown blocker for XPIProvider
1515132488806	addons.manager	DEBUG	Provider finished startup: XPIProvider
1515132488806	addons.manager	DEBUG	Starting provider: LightweightThemeManager
1515132488806	addons.manager	DEBUG	Registering shutdown blocker for LightweightThemeManager
1515132488807	addons.manager	DEBUG	Provider finished startup: LightweightThemeManager
1515132488807	addons.manager	DEBUG	Starting provider: GMPProvider
1515132488814	addons.manager	DEBUG	Registering shutdown blocker for GMPProvider
1515132488815	addons.manager	DEBUG	Provider finished startup: GMPProvider
1515132488815	addons.manager	DEBUG	Starting provider: PluginProvider
1515132488815	addons.manager	DEBUG	Registering shutdown blocker for PluginProvider
1515132488818	addons.manager	DEBUG	Provider finished startup: PluginProvider
1515132488819	addons.manager	DEBUG	Completed startup sequence
1515132490858	addons.manager	DEBUG	Starting provider: <unnamed-provider>
1515132490858	addons.manager	DEBUG	Registering shutdown blocker for <unnamed-provider>
1515132490858	addons.manager	DEBUG	Provider finished startup: <unnamed-provider>
1515132491218	DeferredSave.extensions.json	DEBUG	Write succeeded
1515132491218	addons.xpi-utils	DEBUG	XPI Database saved, setting schema version preference to 17
1515132491218	DeferredSave.extensions.json	DEBUG	Starting timer
1515132491240	DeferredSave.extensions.json	DEBUG	Starting write
1515132491242	addons.repository	DEBUG	No addons.json found.
1515132491243	DeferredSave.addons.json	DEBUG	Save changes
1515132491246	DeferredSave.addons.json	DEBUG	Starting timer
1515132491275	addons.manager	DEBUG	Starting provider: PreviousExperimentProvider
1515132491275	addons.manager	DEBUG	Registering shutdown blocker for PreviousExperimentProvider
1515132491275	addons.manager	DEBUG	Provider finished startup: PreviousExperimentProvider
1515132491337	DeferredSave.extensions.json	DEBUG	Write succeeded
1515132491338	DeferredSave.addons.json	DEBUG	Starting write
1515132491361	DeferredSave.addons.json	DEBUG	Write succeeded
1515132512336	addons.xpi	DEBUG	Calling bootstrap method shutdown on e10srollout@mozilla.org version 1.0
1515132512337	addons.xpi	DEBUG	Calling bootstrap method shutdown on firefox@getpocket.com version 1.0.2
1515132512337	addons.xpi	DEBUG	Calling bootstrap method shutdown on loop@mozilla.org version 1.3.2
1515132512340	addons.xpi	DEBUG	Calling bootstrap method shutdown on websensehelper@mozilla.org version 1.0
1515132512549	addons.manager	DEBUG	shutdown
1515132512549	addons.manager	DEBUG	Calling shutdown blocker for XPIProvider
1515132512549	addons.xpi	DEBUG	shutdown
1515132512549	addons.xpi-utils	DEBUG	shutdown
1515132512550	addons.manager	DEBUG	Calling shutdown blocker for LightweightThemeManager
1515132512551	addons.manager	DEBUG	Calling shutdown blocker for GMPProvider
1515132512553	addons.manager	DEBUG	Calling shutdown blocker for PluginProvider
1515132512554	addons.manager	DEBUG	Calling shutdown blocker for <unnamed-provider>
1515132512556	addons.manager	DEBUG	Calling shutdown blocker for PreviousExperimentProvider
1515132512560	addons.xpi	DEBUG	Notifying XPI shutdown observers
1515132512564	addons.manager	DEBUG	Async provider shutdown done

	at org.openqa.selenium.firefox.internal.NewProfileExtensionConnection.start(NewProfileExtensionConnection.java:113)
	at org.openqa.selenium.firefox.FirefoxDriver.startClient(FirefoxDriver.java:271)
	at org.openqa.selenium.remote.RemoteWebDriver.<init>(RemoteWebDriver.java:119)
	at org.openqa.selenium.firefox.FirefoxDriver.<init>(FirefoxDriver.java:216)
	at org.openqa.selenium.firefox.FirefoxDriver.<init>(FirefoxDriver.java:211)
	at org.openqa.selenium.firefox.FirefoxDriver.<init>(FirefoxDriver.java:207)
	at org.openqa.selenium.firefox.FirefoxDriver.<init>(FirefoxDriver.java:120)
	at Resources.Base.initializeDriver(Base.java:35)
	at Resources.Base.initialize(Base.java:59)
	at sun.reflect.NativeMethodAccessorImpl.invoke0(Native Method)
	at sun.reflect.NativeMethodAccessorImpl.invoke(NativeMethodAccessorImpl.java:62)
	at sun.reflect.DelegatingMethodAccessorImpl.invoke(DelegatingMethodAccessorImpl.java:43)
	at java.lang.reflect.Method.invoke(Method.java:498)
	at org.testng.internal.MethodInvocationHelper.invokeMethod(MethodInvocationHelper.java:104)
	at org.testng.internal.Invoker.invokeConfigurationMethod(Invoker.java:515)
	at org.testng.internal.Invoker.invokeConfigurations(Invoker.java:217)
	at org.testng.internal.Invoker.invokeConfigurations(Invoker.java:144)
	at org.testng.SuiteRunner.privateRun(SuiteRunner.java:326)
	at org.testng.SuiteRunner.run(SuiteRunner.java:289)
	at org.testng.SuiteRunnerWorker.runSuite(SuiteRunnerWorker.java:52)
	at org.testng.SuiteRunnerWorker.run(SuiteRunnerWorker.java:86)
	at org.testng.TestNG.runSuitesSequentially(TestNG.java:1293)
	at org.testng.TestNG.runSuitesLocally(TestNG.java:1218)
	at org.testng.TestNG.runSuites(TestNG.java:1133)
	at org.testng.TestNG.run(TestNG.java:1104)
	at org.apache.maven.surefire.testng.TestNGExecutor.run(TestNGExecutor.java:283)
	at org.apache.maven.surefire.testng.TestNGXmlTestSuite.execute(TestNGXmlTestSuite.java:75)
	at org.apache.maven.surefire.testng.TestNGProvider.invoke(TestNGProvider.java:120)
	at org.apache.maven.surefire.booter.ForkedBooter.invokeProviderInSameClassLoader(ForkedBooter.java:386)
	at org.apache.maven.surefire.booter.ForkedBooter.runSuitesInProcess(ForkedBooter.java:323)
	at org.apache.maven.surefire.booter.ForkedBooter.main(ForkedBooter.java:143)
]]></system-err>
  </testcase>
  <testcase name="basePageNavigation" classname="Selenium.HomePage" time="0">
    <skipped message="Failed to connect to binary FirefoxBinary(C:\Program Files\Mozilla Firefox\firefox.exe) on port 7055; process output follows: &#10;2488775	addons.xpi	DEBUG	Calling bootstrap method startup on e10srollout@mozilla.org version 1.0&#10;1515132488775	addons.xpi	DEBUG	Registering manifest for C:\Program Files\Mozilla Firefox\browser\features\firefox@getpocket.com.xpi&#10;1515132488776	addons.xpi	DEBUG	Calling bootstrap method startup on firefox@getpocket.com version 1.0.2&#10;1515132488777	addons.xpi	DEBUG	Registering manifest for C:\Program Files\Mozilla Firefox\browser\features\loop@mozilla.org.xpi&#10;1515132488777	addons.xpi	DEBUG	Calling bootstrap method startup on loop@mozilla.org version 1.3.2&#10;1515132488802	addons.xpi	DEBUG	Registering manifest for C:\Program Files\Mozilla Firefox\browser\features\websensehelper@mozilla.org.xpi&#10;1515132488802	addons.xpi	DEBUG	Calling bootstrap method startup on websensehelper@mozilla.org version 1.0&#10;1515132488806	addons.manager	DEBUG	Registering shutdown blocker for XPIProvider&#10;1515132488806	addons.manager	DEBUG	Provider finished startup: XPIProvider&#10;1515132488806	addons.manager	DEBUG	Starting provider: LightweightThemeManager&#10;1515132488806	addons.manager	DEBUG	Registering shutdown blocker for LightweightThemeManager&#10;1515132488807	addons.manager	DEBUG	Provider finished startup: LightweightThemeManager&#10;1515132488807	addons.manager	DEBUG	Starting provider: GMPProvider&#10;1515132488814	addons.manager	DEBUG	Registering shutdown blocker for GMPProvider&#10;1515132488815	addons.manager	DEBUG	Provider finished startup: GMPProvider&#10;1515132488815	addons.manager	DEBUG	Starting provider: PluginProvider&#10;1515132488815	addons.manager	DEBUG	Registering shutdown blocker for PluginProvider&#10;1515132488818	addons.manager	DEBUG	Provider finished startup: PluginProvider&#10;1515132488819	addons.manager	DEBUG	Completed startup sequence&#10;1515132490858	addons.manager	DEBUG	Starting provider: &lt;unnamed-provider&gt;&#10;1515132490858	addons.manager	DEBUG	Registering shutdown blocker for &lt;unnamed-provider&gt;&#10;1515132490858	addons.manager	DEBUG	Provider finished startup: &lt;unnamed-provider&gt;&#10;1515132491218	DeferredSave.extensions.json	DEBUG	Write succeeded&#10;1515132491218	addons.xpi-utils	DEBUG	XPI Database saved, setting schema version preference to 17&#10;1515132491218	DeferredSave.extensions.json	DEBUG	Starting timer&#10;1515132491240	DeferredSave.extensions.json	DEBUG	Starting write&#10;1515132491242	addons.repository	DEBUG	No addons.json found.&#10;1515132491243	DeferredSave.addons.json	DEBUG	Save changes&#10;1515132491246	DeferredSave.addons.json	DEBUG	Starting timer&#10;1515132491275	addons.manager	DEBUG	Starting provider: PreviousExperimentProvider&#10;1515132491275	addons.manager	DEBUG	Registering shutdown blocker for PreviousExperimentProvider&#10;1515132491275	addons.manager	DEBUG	Provider finished startup: PreviousExperimentProvider&#10;1515132491337	DeferredSave.extensions.json	DEBUG	Write succeeded&#10;1515132491338	DeferredSave.addons.json	DEBUG	Starting write&#10;1515132491361	DeferredSave.addons.json	DEBUG	Write succeeded&#10;1515132512336	addons.xpi	DEBUG	Calling bootstrap method shutdown on e10srollout@mozilla.org version 1.0&#10;1515132512337	addons.xpi	DEBUG	Calling bootstrap method shutdown on firefox@getpocket.com version 1.0.2&#10;1515132512337	addons.xpi	DEBUG	Calling bootstrap method shutdown on loop@mozilla.org version 1.3.2&#10;1515132512340	addons.xpi	DEBUG	Calling bootstrap method shutdown on websensehelper@mozilla.org version 1.0&#10;1515132512549	addons.manager	DEBUG	shutdown&#10;1515132512549	addons.manager	DEBUG	Calling shutdown blocker for XPIProvider&#10;1515132512549	addons.xpi	DEBUG	shutdown&#10;1515132512549	addons.xpi-utils	DEBUG	shutdown&#10;1515132512550	addons.manager	DEBUG	Calling shutdown blocker for LightweightThemeManager&#10;1515132512551	addons.manager	DEBUG	Calling shutdown blocker for GMPProvider&#10;1515132512553	addons.manager	DEBUG	Calling shutdown blocker for PluginProvider&#10;1515132512554	addons.manager	DEBUG	Calling shutdown blocker for &lt;unnamed-provider&gt;&#10;1515132512556	addons.manager	DEBUG	Calling shutdown blocker for PreviousExperimentProvider&#10;1515132512560	addons.xpi	DEBUG	Notifying XPI shutdown observers&#10;1515132512564	addons.manager	DEBUG	Async provider shutdown done&#10;&#10;Build info: version: &apos;2.53.0&apos;, revision: &apos;35ae25b1534ae328c771e0856c93e187490ca824&apos;, time: &apos;2016-03-15 10:43:46&apos;&#10;System info: host: &apos;ind496&apos;, ip: &apos;192.168.56.1&apos;, os.name: &apos;Windows Vista&apos;, os.arch: &apos;x86&apos;, os.version: &apos;6.0&apos;, java.version: &apos;1.8.0_102&apos;&#10;Driver info: driver.version: FirefoxDriver"/>
  </testcase>
  <testcase name="loginPage" classname="Selenium.HomePage" time="0">
    <skipped message="Failed to connect to binary FirefoxBinary(C:\Program Files\Mozilla Firefox\firefox.exe) on port 7055; process output follows: &#10;2488775	addons.xpi	DEBUG	Calling bootstrap method startup on e10srollout@mozilla.org version 1.0&#10;1515132488775	addons.xpi	DEBUG	Registering manifest for C:\Program Files\Mozilla Firefox\browser\features\firefox@getpocket.com.xpi&#10;1515132488776	addons.xpi	DEBUG	Calling bootstrap method startup on firefox@getpocket.com version 1.0.2&#10;1515132488777	addons.xpi	DEBUG	Registering manifest for C:\Program Files\Mozilla Firefox\browser\features\loop@mozilla.org.xpi&#10;1515132488777	addons.xpi	DEBUG	Calling bootstrap method startup on loop@mozilla.org version 1.3.2&#10;1515132488802	addons.xpi	DEBUG	Registering manifest for C:\Program Files\Mozilla Firefox\browser\features\websensehelper@mozilla.org.xpi&#10;1515132488802	addons.xpi	DEBUG	Calling bootstrap method startup on websensehelper@mozilla.org version 1.0&#10;1515132488806	addons.manager	DEBUG	Registering shutdown blocker for XPIProvider&#10;1515132488806	addons.manager	DEBUG	Provider finished startup: XPIProvider&#10;1515132488806	addons.manager	DEBUG	Starting provider: LightweightThemeManager&#10;1515132488806	addons.manager	DEBUG	Registering shutdown blocker for LightweightThemeManager&#10;1515132488807	addons.manager	DEBUG	Provider finished startup: LightweightThemeManager&#10;1515132488807	addons.manager	DEBUG	Starting provider: GMPProvider&#10;1515132488814	addons.manager	DEBUG	Registering shutdown blocker for GMPProvider&#10;1515132488815	addons.manager	DEBUG	Provider finished startup: GMPProvider&#10;1515132488815	addons.manager	DEBUG	Starting provider: PluginProvider&#10;1515132488815	addons.manager	DEBUG	Registering shutdown blocker for PluginProvider&#10;1515132488818	addons.manager	DEBUG	Provider finished startup: PluginProvider&#10;1515132488819	addons.manager	DEBUG	Completed startup sequence&#10;1515132490858	addons.manager	DEBUG	Starting provider: &lt;unnamed-provider&gt;&#10;1515132490858	addons.manager	DEBUG	Registering shutdown blocker for &lt;unnamed-provider&gt;&#10;1515132490858	addons.manager	DEBUG	Provider finished startup: &lt;unnamed-provider&gt;&#10;1515132491218	DeferredSave.extensions.json	DEBUG	Write succeeded&#10;1515132491218	addons.xpi-utils	DEBUG	XPI Database saved, setting schema version preference to 17&#10;1515132491218	DeferredSave.extensions.json	DEBUG	Starting timer&#10;1515132491240	DeferredSave.extensions.json	DEBUG	Starting write&#10;1515132491242	addons.repository	DEBUG	No addons.json found.&#10;1515132491243	DeferredSave.addons.json	DEBUG	Save changes&#10;1515132491246	DeferredSave.addons.json	DEBUG	Starting timer&#10;1515132491275	addons.manager	DEBUG	Starting provider: PreviousExperimentProvider&#10;1515132491275	addons.manager	DEBUG	Registering shutdown blocker for PreviousExperimentProvider&#10;1515132491275	addons.manager	DEBUG	Provider finished startup: PreviousExperimentProvider&#10;1515132491337	DeferredSave.extensions.json	DEBUG	Write succeeded&#10;1515132491338	DeferredSave.addons.json	DEBUG	Starting write&#10;1515132491361	DeferredSave.addons.json	DEBUG	Write succeeded&#10;1515132512336	addons.xpi	DEBUG	Calling bootstrap method shutdown on e10srollout@mozilla.org version 1.0&#10;1515132512337	addons.xpi	DEBUG	Calling bootstrap method shutdown on firefox@getpocket.com version 1.0.2&#10;1515132512337	addons.xpi	DEBUG	Calling bootstrap method shutdown on loop@mozilla.org version 1.3.2&#10;1515132512340	addons.xpi	DEBUG	Calling bootstrap method shutdown on websensehelper@mozilla.org version 1.0&#10;1515132512549	addons.manager	DEBUG	shutdown&#10;1515132512549	addons.manager	DEBUG	Calling shutdown blocker for XPIProvider&#10;1515132512549	addons.xpi	DEBUG	shutdown&#10;1515132512549	addons.xpi-utils	DEBUG	shutdown&#10;1515132512550	addons.manager	DEBUG	Calling shutdown blocker for LightweightThemeManager&#10;1515132512551	addons.manager	DEBUG	Calling shutdown blocker for GMPProvider&#10;1515132512553	addons.manager	DEBUG	Calling shutdown blocker for PluginProvider&#10;1515132512554	addons.manager	DEBUG	Calling shutdown blocker for &lt;unnamed-provider&gt;&#10;1515132512556	addons.manager	DEBUG	Calling shutdown blocker for PreviousExperimentProvider&#10;1515132512560	addons.xpi	DEBUG	Notifying XPI shutdown observers&#10;1515132512564	addons.manager	DEBUG	Async provider shutdown done&#10;&#10;Build info: version: &apos;2.53.0&apos;, revision: &apos;35ae25b1534ae328c771e0856c93e187490ca824&apos;, time: &apos;2016-03-15 10:43:46&apos;&#10;System info: host: &apos;ind496&apos;, ip: &apos;192.168.56.1&apos;, os.name: &apos;Windows Vista&apos;, os.arch: &apos;x86&apos;, os.version: &apos;6.0&apos;, java.version: &apos;1.8.0_102&apos;&#10;Driver info: driver.version: FirefoxDriver"/>
  </testcase>
  <testcase name="loginPage" classname="Selenium.HomePage" time="0">
    <skipped message="Failed to connect to binary FirefoxBinary(C:\Program Files\Mozilla Firefox\firefox.exe) on port 7055; process output follows: &#10;2488775	addons.xpi	DEBUG	Calling bootstrap method startup on e10srollout@mozilla.org version 1.0&#10;1515132488775	addons.xpi	DEBUG	Registering manifest for C:\Program Files\Mozilla Firefox\browser\features\firefox@getpocket.com.xpi&#10;1515132488776	addons.xpi	DEBUG	Calling bootstrap method startup on firefox@getpocket.com version 1.0.2&#10;1515132488777	addons.xpi	DEBUG	Registering manifest for C:\Program Files\Mozilla Firefox\browser\features\loop@mozilla.org.xpi&#10;1515132488777	addons.xpi	DEBUG	Calling bootstrap method startup on loop@mozilla.org version 1.3.2&#10;1515132488802	addons.xpi	DEBUG	Registering manifest for C:\Program Files\Mozilla Firefox\browser\features\websensehelper@mozilla.org.xpi&#10;1515132488802	addons.xpi	DEBUG	Calling bootstrap method startup on websensehelper@mozilla.org version 1.0&#10;1515132488806	addons.manager	DEBUG	Registering shutdown blocker for XPIProvider&#10;1515132488806	addons.manager	DEBUG	Provider finished startup: XPIProvider&#10;1515132488806	addons.manager	DEBUG	Starting provider: LightweightThemeManager&#10;1515132488806	addons.manager	DEBUG	Registering shutdown blocker for LightweightThemeManager&#10;1515132488807	addons.manager	DEBUG	Provider finished startup: LightweightThemeManager&#10;1515132488807	addons.manager	DEBUG	Starting provider: GMPProvider&#10;1515132488814	addons.manager	DEBUG	Registering shutdown blocker for GMPProvider&#10;1515132488815	addons.manager	DEBUG	Provider finished startup: GMPProvider&#10;1515132488815	addons.manager	DEBUG	Starting provider: PluginProvider&#10;1515132488815	addons.manager	DEBUG	Registering shutdown blocker for PluginProvider&#10;1515132488818	addons.manager	DEBUG	Provider finished startup: PluginProvider&#10;1515132488819	addons.manager	DEBUG	Completed startup sequence&#10;1515132490858	addons.manager	DEBUG	Starting provider: &lt;unnamed-provider&gt;&#10;1515132490858	addons.manager	DEBUG	Registering shutdown blocker for &lt;unnamed-provider&gt;&#10;1515132490858	addons.manager	DEBUG	Provider finished startup: &lt;unnamed-provider&gt;&#10;1515132491218	DeferredSave.extensions.json	DEBUG	Write succeeded&#10;1515132491218	addons.xpi-utils	DEBUG	XPI Database saved, setting schema version preference to 17&#10;1515132491218	DeferredSave.extensions.json	DEBUG	Starting timer&#10;1515132491240	DeferredSave.extensions.json	DEBUG	Starting write&#10;1515132491242	addons.repository	DEBUG	No addons.json found.&#10;1515132491243	DeferredSave.addons.json	DEBUG	Save changes&#10;1515132491246	DeferredSave.addons.json	DEBUG	Starting timer&#10;1515132491275	addons.manager	DEBUG	Starting provider: PreviousExperimentProvider&#10;1515132491275	addons.manager	DEBUG	Registering shutdown blocker for PreviousExperimentProvider&#10;1515132491275	addons.manager	DEBUG	Provider finished startup: PreviousExperimentProvider&#10;1515132491337	DeferredSave.extensions.json	DEBUG	Write succeeded&#10;1515132491338	DeferredSave.addons.json	DEBUG	Starting write&#10;1515132491361	DeferredSave.addons.json	DEBUG	Write succeeded&#10;1515132512336	addons.xpi	DEBUG	Calling bootstrap method shutdown on e10srollout@mozilla.org version 1.0&#10;1515132512337	addons.xpi	DEBUG	Calling bootstrap method shutdown on firefox@getpocket.com version 1.0.2&#10;1515132512337	addons.xpi	DEBUG	Calling bootstrap method shutdown on loop@mozilla.org version 1.3.2&#10;1515132512340	addons.xpi	DEBUG	Calling bootstrap method shutdown on websensehelper@mozilla.org version 1.0&#10;1515132512549	addons.manager	DEBUG	shutdown&#10;1515132512549	addons.manager	DEBUG	Calling shutdown blocker for XPIProvider&#10;1515132512549	addons.xpi	DEBUG	shutdown&#10;1515132512549	addons.xpi-utils	DEBUG	shutdown&#10;1515132512550	addons.manager	DEBUG	Calling shutdown blocker for LightweightThemeManager&#10;1515132512551	addons.manager	DEBUG	Calling shutdown blocker for GMPProvider&#10;1515132512553	addons.manager	DEBUG	Calling shutdown blocker for PluginProvider&#10;1515132512554	addons.manager	DEBUG	Calling shutdown blocker for &lt;unnamed-provider&gt;&#10;1515132512556	addons.manager	DEBUG	Calling shutdown blocker for PreviousExperimentProvider&#10;1515132512560	addons.xpi	DEBUG	Notifying XPI shutdown observers&#10;1515132512564	addons.manager	DEBUG	Async provider shutdown done&#10;&#10;Build info: version: &apos;2.53.0&apos;, revision: &apos;35ae25b1534ae328c771e0856c93e187490ca824&apos;, time: &apos;2016-03-15 10:43:46&apos;&#10;System info: host: &apos;ind496&apos;, ip: &apos;192.168.56.1&apos;, os.name: &apos;Windows Vista&apos;, os.arch: &apos;x86&apos;, os.version: &apos;6.0&apos;, java.version: &apos;1.8.0_102&apos;&#10;Driver info: driver.version: FirefoxDriver"/>
  </testcase>
  <testcase name="navigateURL" classname="Selenium.ValidateTest" time="0">
    <skipped/>
  </testcase>
  <testcase name="validateElementTest" classname="Selenium.ValidateTest" time="0">
    <skipped message="Failed to connect to binary FirefoxBinary(C:\Program Files\Mozilla Firefox\firefox.exe) on port 7055; process output follows: &#10;2488775	addons.xpi	DEBUG	Calling bootstrap method startup on e10srollout@mozilla.org version 1.0&#10;1515132488775	addons.xpi	DEBUG	Registering manifest for C:\Program Files\Mozilla Firefox\browser\features\firefox@getpocket.com.xpi&#10;1515132488776	addons.xpi	DEBUG	Calling bootstrap method startup on firefox@getpocket.com version 1.0.2&#10;1515132488777	addons.xpi	DEBUG	Registering manifest for C:\Program Files\Mozilla Firefox\browser\features\loop@mozilla.org.xpi&#10;1515132488777	addons.xpi	DEBUG	Calling bootstrap method startup on loop@mozilla.org version 1.3.2&#10;1515132488802	addons.xpi	DEBUG	Registering manifest for C:\Program Files\Mozilla Firefox\browser\features\websensehelper@mozilla.org.xpi&#10;1515132488802	addons.xpi	DEBUG	Calling bootstrap method startup on websensehelper@mozilla.org version 1.0&#10;1515132488806	addons.manager	DEBUG	Registering shutdown blocker for XPIProvider&#10;1515132488806	addons.manager	DEBUG	Provider finished startup: XPIProvider&#10;1515132488806	addons.manager	DEBUG	Starting provider: LightweightThemeManager&#10;1515132488806	addons.manager	DEBUG	Registering shutdown blocker for LightweightThemeManager&#10;1515132488807	addons.manager	DEBUG	Provider finished startup: LightweightThemeManager&#10;1515132488807	addons.manager	DEBUG	Starting provider: GMPProvider&#10;1515132488814	addons.manager	DEBUG	Registering shutdown blocker for GMPProvider&#10;1515132488815	addons.manager	DEBUG	Provider finished startup: GMPProvider&#10;1515132488815	addons.manager	DEBUG	Starting provider: PluginProvider&#10;1515132488815	addons.manager	DEBUG	Registering shutdown blocker for PluginProvider&#10;1515132488818	addons.manager	DEBUG	Provider finished startup: PluginProvider&#10;1515132488819	addons.manager	DEBUG	Completed startup sequence&#10;1515132490858	addons.manager	DEBUG	Starting provider: &lt;unnamed-provider&gt;&#10;1515132490858	addons.manager	DEBUG	Registering shutdown blocker for &lt;unnamed-provider&gt;&#10;1515132490858	addons.manager	DEBUG	Provider finished startup: &lt;unnamed-provider&gt;&#10;1515132491218	DeferredSave.extensions.json	DEBUG	Write succeeded&#10;1515132491218	addons.xpi-utils	DEBUG	XPI Database saved, setting schema version preference to 17&#10;1515132491218	DeferredSave.extensions.json	DEBUG	Starting timer&#10;1515132491240	DeferredSave.extensions.json	DEBUG	Starting write&#10;1515132491242	addons.repository	DEBUG	No addons.json found.&#10;1515132491243	DeferredSave.addons.json	DEBUG	Save changes&#10;1515132491246	DeferredSave.addons.json	DEBUG	Starting timer&#10;1515132491275	addons.manager	DEBUG	Starting provider: PreviousExperimentProvider&#10;1515132491275	addons.manager	DEBUG	Registering shutdown blocker for PreviousExperimentProvider&#10;1515132491275	addons.manager	DEBUG	Provider finished startup: PreviousExperimentProvider&#10;1515132491337	DeferredSave.extensions.json	DEBUG	Write succeeded&#10;1515132491338	DeferredSave.addons.json	DEBUG	Starting write&#10;1515132491361	DeferredSave.addons.json	DEBUG	Write succeeded&#10;1515132512336	addons.xpi	DEBUG	Calling bootstrap method shutdown on e10srollout@mozilla.org version 1.0&#10;1515132512337	addons.xpi	DEBUG	Calling bootstrap method shutdown on firefox@getpocket.com version 1.0.2&#10;1515132512337	addons.xpi	DEBUG	Calling bootstrap method shutdown on loop@mozilla.org version 1.3.2&#10;1515132512340	addons.xpi	DEBUG	Calling bootstrap method shutdown on websensehelper@mozilla.org version 1.0&#10;1515132512549	addons.manager	DEBUG	shutdown&#10;1515132512549	addons.manager	DEBUG	Calling shutdown blocker for XPIProvider&#10;1515132512549	addons.xpi	DEBUG	shutdown&#10;1515132512549	addons.xpi-utils	DEBUG	shutdown&#10;1515132512550	addons.manager	DEBUG	Calling shutdown blocker for LightweightThemeManager&#10;1515132512551	addons.manager	DEBUG	Calling shutdown blocker for GMPProvider&#10;1515132512553	addons.manager	DEBUG	Calling shutdown blocker for PluginProvider&#10;1515132512554	addons.manager	DEBUG	Calling shutdown blocker for &lt;unnamed-provider&gt;&#10;1515132512556	addons.manager	DEBUG	Calling shutdown blocker for PreviousExperimentProvider&#10;1515132512560	addons.xpi	DEBUG	Notifying XPI shutdown observers&#10;1515132512564	addons.manager	DEBUG	Async provider shutdown done&#10;&#10;Build info: version: &apos;2.53.0&apos;, revision: &apos;35ae25b1534ae328c771e0856c93e187490ca824&apos;, time: &apos;2016-03-15 10:43:46&apos;&#10;System info: host: &apos;ind496&apos;, ip: &apos;192.168.56.1&apos;, os.name: &apos;Windows Vista&apos;, os.arch: &apos;x86&apos;, os.version: &apos;6.0&apos;, java.version: &apos;1.8.0_102&apos;&#10;Driver info: driver.version: FirefoxDriver"/>
  </testcase>
  <testcase name="tearDown" classname="Selenium.ValidateTest" time="0">
    <skipped/>
  </testcase>
</testsuite>